[21:42:05] [brainwire] Lock 획득: brainwire (PID 36427)
[21:42:05] [brainwire] === brainwire Growth Loop ===
[21:42:05] [brainwire]     cycles=1 interval=0s domain=neuroscience
[21:42:05] [brainwire] ━━━ Cycle 1/1 ━━━
[21:42:08] [brainwire] Lock 획득: brainwire (PID 36668)
[21:42:08] [brainwire] === brainwire Growth Loop ===
[21:42:08] [brainwire]     cycles=--max-cycles interval=999s domain=neuroscience
[21:42:09] [brainwire] === brainwire Growth 완료 (0 cycles) ===
[22:12:09] [brainwire] Lock 획득: brainwire (PID 84544)
[22:12:10] [brainwire] === brainwire Growth Loop ===
[22:12:10] [brainwire]     cycles=--max-cycles interval=999s domain=neuroscience
[22:12:10] [brainwire] === brainwire Growth 완료 (0 cycles) ===
[22:42:10] [brainwire] Lock 획득: brainwire (PID 37144)
[22:42:10] [brainwire] === brainwire Growth Loop ===
[22:42:10] [brainwire]     cycles=--max-cycles interval=999s domain=neuroscience
[22:42:10] [brainwire] === brainwire Growth 완료 (0 cycles) ===
[23:12:11] [brainwire] Lock 획득: brainwire (PID 77396)
[23:12:11] [brainwire] === brainwire Growth Loop ===
[23:12:11] [brainwire]     cycles=--max-cycles interval=999s domain=neuroscience
[23:12:11] [brainwire] === brainwire Growth 완료 (0 cycles) ===
[23:27:15] [brainwire] Lock 획득: brainwire (PID 1631)
[23:27:15] [brainwire] === brainwire Growth Loop ===
[23:27:15] [brainwire]     cycles=1 interval=0s domain=neuroscience
[23:27:15] [brainwire] ━━━ Cycle 1/1 ━━━
[23:27:15] [brainwire] WARN: 과부하 — 60초 대기
[23:28:15] [brainwire] === brainwire Growth 완료 (1 cycles) ===
[23:42:12] [brainwire] Lock 획득: brainwire (PID 33277)
[23:42:12] [brainwire] === brainwire Growth Loop ===
[23:42:12] [brainwire]     cycles=--max-cycles interval=999s domain=neuroscience
[23:42:12] [brainwire] === brainwire Growth 완료 (0 cycles) ===
[00:12:13] [brainwire] Lock 획득: brainwire (PID 59714)
[00:12:13] [brainwire] === brainwire Growth Loop ===
[00:12:14] [brainwire]     cycles=--max-cycles interval=999s domain=neuroscience
[00:12:14] [brainwire] === brainwire Growth 완료 (0 cycles) ===
[00:42:15] [brainwire] Lock 획득: brainwire (PID 83185)
[00:42:15] [brainwire] === brainwire Growth Loop ===
[00:42:15] [brainwire]     cycles=--max-cycles interval=999s domain=neuroscience
[00:42:15] [brainwire] === brainwire Growth 완료 (0 cycles) ===
[01:12:15] [brainwire] Lock 획득: brainwire (PID 7091)
[01:12:15] [brainwire] === brainwire Growth Loop ===
[01:12:15] [brainwire]     cycles=--max-cycles interval=999s domain=neuroscience
[01:12:15] [brainwire] === brainwire Growth 완료 (0 cycles) ===
[01:42:16] [brainwire] Lock 획득: brainwire (PID 40201)
[01:42:16] [brainwire] === brainwire Growth Loop ===
[01:42:16] [brainwire]     cycles=--max-cycles interval=999s domain=neuroscience
[01:42:16] [brainwire] === brainwire Growth 완료 (0 cycles) ===
[02:12:17] [brainwire] Lock 획득: brainwire (PID 71877)
[02:12:17] [brainwire] === brainwire Growth Loop ===
[02:12:17] [brainwire]     cycles=--max-cycles interval=999s domain=neuroscience
[02:12:17] [brainwire] === brainwire Growth 완료 (0 cycles) ===
[02:42:18] [brainwire] Lock 획득: brainwire (PID 97446)
[02:42:18] [brainwire] === brainwire Growth Loop ===
[02:42:18] [brainwire]     cycles=--max-cycles interval=999s domain=neuroscience
[02:42:18] [brainwire] === brainwire Growth 완료 (0 cycles) ===
[03:12:19] [brainwire] Lock 획득: brainwire (PID 36150)
[03:12:19] [brainwire] === brainwire Growth Loop ===
[03:12:19] [brainwire]     cycles=--max-cycles interval=999s domain=neuroscience
[03:12:19] [brainwire] === brainwire Growth 완료 (0 cycles) ===
[03:42:19] [brainwire] Lock 획득: brainwire (PID 81680)
[03:42:19] [brainwire] === brainwire Growth Loop ===
[03:42:19] [brainwire]     cycles=--max-cycles interval=999s domain=neuroscience
[03:42:19] [brainwire] === brainwire Growth 완료 (0 cycles) ===
[04:03:47] [brainwire] Lock 획득: brainwire (PID 1072)
[04:03:47] [brainwire] === brainwire Growth Loop ===
[04:03:47] [brainwire]     cycles=--max-cycles interval=999s domain=neuroscience
[04:03:47] [brainwire] === brainwire Growth 완료 (0 cycles) ===
[04:33:47] [brainwire] Lock 획득: brainwire (PID 27345)
[04:33:47] [brainwire] === brainwire Growth Loop ===
[04:33:47] [brainwire]     cycles=--max-cycles interval=999s domain=neuroscience
[04:33:47] [brainwire] === brainwire Growth 완료 (0 cycles) ===
[05:03:48] [brainwire] Lock 획득: brainwire (PID 71646)
[05:03:48] [brainwire] === brainwire Growth Loop ===
[05:03:49] [brainwire]     cycles=--max-cycles interval=999s domain=neuroscience
[05:03:49] [brainwire] === brainwire Growth 완료 (0 cycles) ===
[05:33:49] [brainwire] Lock 획득: brainwire (PID 11270)
[05:33:49] [brainwire] === brainwire Growth Loop ===
[05:33:49] [brainwire]     cycles=--max-cycles interval=999s domain=neuroscience
[05:33:49] [brainwire] === brainwire Growth 완료 (0 cycles) ===
[06:03:49] [brainwire] Lock 획득: brainwire (PID 54670)
[06:03:49] [brainwire] === brainwire Growth Loop ===
[06:03:49] [brainwire]     cycles=--max-cycles interval=999s domain=neuroscience
[06:03:49] [brainwire] === brainwire Growth 완료 (0 cycles) ===
[06:33:49] [brainwire] Lock 획득: brainwire (PID 9156)
[06:33:49] [brainwire] === brainwire Growth Loop ===
[06:33:49] [brainwire]     cycles=--max-cycles interval=999s domain=neuroscience
[06:33:49] [brainwire] === brainwire Growth 완료 (0 cycles) ===
[07:03:49] [brainwire] Lock 획득: brainwire (PID 59711)
[07:03:49] [brainwire] === brainwire Growth Loop ===
[07:03:49] [brainwire]     cycles=--max-cycles interval=999s domain=neuroscience
[07:03:49] [brainwire] === brainwire Growth 완료 (0 cycles) ===
[07:33:49] [brainwire] Lock 획득: brainwire (PID 94622)
[07:33:49] [brainwire] === brainwire Growth Loop ===
[07:33:49] [brainwire]     cycles=--max-cycles interval=999s domain=neuroscience
[07:33:49] [brainwire] === brainwire Growth 완료 (0 cycles) ===
[08:03:51] [brainwire] Lock 획득: brainwire (PID 29926)
[08:03:51] [brainwire] === brainwire Growth Loop ===
[08:03:51] [brainwire]     cycles=--max-cycles interval=999s domain=neuroscience
[08:03:51] [brainwire] === brainwire Growth 완료 (0 cycles) ===
[08:34:13] [brainwire] Lock 획득: brainwire (PID 1153)
[08:34:13] [brainwire] === brainwire Growth Loop ===
[08:34:13] [brainwire]     cycles=--max-cycles interval=999s domain=neuroscience
[08:34:13] [brainwire] === brainwire Growth 완료 (0 cycles) ===
[08:50:34] [brainwire] Lock 획득: brainwire (PID 707)
[08:50:34] [brainwire] === brainwire Growth Loop ===
[08:50:34] [brainwire]     cycles=--max-cycles interval=999s domain=neuroscience
[08:50:34] [brainwire] === brainwire Growth 완료 (0 cycles) ===
[09:20:34] [brainwire] Lock 획득: brainwire (PID 39081)
[09:20:34] [brainwire] === brainwire Growth Loop ===
[09:20:34] [brainwire]     cycles=--max-cycles interval=999s domain=neuroscience
[09:20:34] [brainwire] === brainwire Growth 완료 (0 cycles) ===
[09:50:34] [brainwire] Lock 획득: brainwire (PID 83251)
[09:50:34] [brainwire] === brainwire Growth Loop ===
[09:50:34] [brainwire]     cycles=--max-cycles interval=999s domain=neuroscience
[09:50:34] [brainwire] === brainwire Growth 완료 (0 cycles) ===
[10:20:34] [brainwire] Lock 획득: brainwire (PID 36055)
[10:20:34] [brainwire] === brainwire Growth Loop ===
[10:20:34] [brainwire]     cycles=--max-cycles interval=999s domain=neuroscience
[10:20:34] [brainwire] === brainwire Growth 완료 (0 cycles) ===
[12:10:37] [brainwire] Lock 획득: brainwire (PID 73971)
[12:10:37] [brainwire] === brainwire Growth Loop ===
[12:10:37] [brainwire]     cycles=--max-cycles interval=999s domain=neuroscience
[12:10:37] [brainwire] === brainwire Growth 완료 (0 cycles) ===
[13:47:19] [brainwire] Lock 획득: brainwire (PID 99636)
[13:47:19] [brainwire] === brainwire Growth Loop ===
[13:47:19] [brainwire]     cycles=--max-cycles interval=999s domain=neuroscience
[13:47:19] [brainwire] === brainwire Growth 완료 (0 cycles) ===
[14:17:19] [brainwire] Lock 획득: brainwire (PID 24483)
[14:17:19] [brainwire] === brainwire Growth Loop ===
[14:17:19] [brainwire]     cycles=--max-cycles interval=999s domain=neuroscience
[14:17:19] [brainwire] === brainwire Growth 완료 (0 cycles) ===
[14:55:27] [brainwire] Lock 획득: brainwire (PID 48604)
[14:55:27] [brainwire] === brainwire Growth Loop ===
[14:55:27] [brainwire]     cycles=--max-cycles interval=999s domain=neuroscience
[14:55:27] [brainwire] === brainwire Growth 완료 (0 cycles) ===
[15:25:28] [brainwire] Lock 획득: brainwire (PID 73036)
[15:25:28] [brainwire] === brainwire Growth Loop ===
[15:25:28] [brainwire]     cycles=--max-cycles interval=999s domain=neuroscience
[15:25:28] [brainwire] === brainwire Growth 완료 (0 cycles) ===
[15:55:28] [brainwire] Lock 획득: brainwire (PID 12000)
[15:55:28] [brainwire] === brainwire Growth Loop ===
[15:55:28] [brainwire]     cycles=--max-cycles interval=999s domain=neuroscience
[15:55:28] [brainwire] === brainwire Growth 완료 (0 cycles) ===
[16:25:28] [brainwire] Lock 획득: brainwire (PID 53414)
[16:25:28] [brainwire] === brainwire Growth Loop ===
[16:25:28] [brainwire]     cycles=--max-cycles interval=999s domain=neuroscience
[16:25:28] [brainwire] === brainwire Growth 완료 (0 cycles) ===
[16:55:26] [brainwire] Lock 획득: brainwire (PID 1555)
[16:55:26] [brainwire] === brainwire Growth Loop ===
[16:55:26] [brainwire]     cycles=--max-cycles interval=999s domain=neuroscience
[16:55:26] [brainwire] === brainwire Growth 완료 (0 cycles) ===
[17:25:28] [brainwire] Lock 획득: brainwire (PID 44130)
[17:25:28] [brainwire] === brainwire Growth Loop ===
[17:25:28] [brainwire]     cycles=--max-cycles interval=999s domain=neuroscience
[17:25:28] [brainwire] === brainwire Growth 완료 (0 cycles) ===
[17:55:28] [brainwire] Lock 획득: brainwire (PID 1633)
[17:55:28] [brainwire] === brainwire Growth Loop ===
[17:55:28] [brainwire]     cycles=--max-cycles interval=999s domain=neuroscience
[17:55:28] [brainwire] === brainwire Growth 완료 (0 cycles) ===
[18:25:33] [brainwire] Lock 획득: brainwire (PID 57480)
[18:25:34] [brainwire] === brainwire Growth Loop ===
[18:25:35] [brainwire]     cycles=--max-cycles interval=999s domain=neuroscience
[18:25:35] [brainwire] === brainwire Growth 완료 (0 cycles) ===
[18:55:36] [brainwire] Lock 획득: brainwire (PID 4988)
[18:55:36] [brainwire] === brainwire Growth Loop ===
[18:55:36] [brainwire]     cycles=--max-cycles interval=999s domain=neuroscience
[18:55:36] [brainwire] === brainwire Growth 완료 (0 cycles) ===
[19:25:37] [brainwire] Lock 획득: brainwire (PID 55270)
[19:25:37] [brainwire] === brainwire Growth Loop ===
[19:25:37] [brainwire]     cycles=--max-cycles interval=999s domain=neuroscience
[19:25:37] [brainwire] === brainwire Growth 완료 (0 cycles) ===
